<?xml version="1.0" encoding="UTF-8"?>
<!-- Generated by org.testng.reporters.JUnitXMLReporter -->
<testsuite hostname="saurabhsoni" ignored="0" name="Test" tests="4" failures="1" timestamp="14 Jan 2021 12:53:38 GMT" time="205.734" errors="0">
  <testcase name="feature" time="61.074" classname="cucumber.api.testng.AbstractTestNGCucumberTests"/>
  <testcase name="feature" time="11.675" classname="cucumber.api.testng.AbstractTestNGCucumberTests">
    <failure type="cucumber.runtime.CucumberException" message="java.lang.AssertionError: expected [Job Search1] but found [Job Search]">
      <![CDATA[cucumber.runtime.CucumberException: java.lang.AssertionError: expected [Job Search1] but found [Job Search]
at cucumber.api.testng.TestNGCucumberRunner.runCucumber(TestNGCucumberRunner.java:69)
at cucumber.api.testng.AbstractTestNGCucumberTests.feature(AbstractTestNGCucumberTests.java:21)
Caused by: java.lang.AssertionError: expected [Job Search1] but found [Job Search]
at StepDefinations.RegisterWithInvalidPhoneNumberStepDef.user_Enters_Name_and_Mobile_num(RegisterWithInvalidPhoneNumberStepDef.java:29)
at âœ½.When User Enters Name and Mobile_num(RegisterWithInvalidPhoneNumber.feature:7)
... Removed 35 stack frames]]>
    </failure>
  </testcase> <!-- feature -->
  <testcase name="feature" time="80.874" classname="cucumber.api.testng.AbstractTestNGCucumberTests"/>
  <testcase name="feature" time="51.204" classname="cucumber.api.testng.AbstractTestNGCucumberTests"/>
</testsuite> <!-- Test -->
