<?xml version="1.0" encoding="UTF-8"?>
<testng-results skipped="0" failed="1" ignored="0" total="4" passed="3">
  <reporter-output>
  </reporter-output>
  <suite name="Suite" duration-ms="205734" started-at="2021-01-14T12:50:13Z" finished-at="2021-01-14T12:53:38Z">
    <groups>
      <group name="cucumber">
        <method signature="AbstractTestNGCucumberTests.feature(cucumber.api.testng.CucumberFeatureWrapper)[pri:0, instance:Runner.TestRunner@3bd40a57]" name="feature" class="cucumber.api.testng.AbstractTestNGCucumberTests"/>
      </group> <!-- cucumber -->
    </groups>
    <test name="Test" duration-ms="205734" started-at="2021-01-14T12:50:13Z" finished-at="2021-01-14T12:53:38Z">
      <class name="Runner.TestRunner">
        <test-method status="PASS" signature="startAppium()[pri:0, instance:Runner.TestRunner@3bd40a57]" name="startAppium" is-config="true" duration-ms="3613" started-at="2021-01-14T12:50:09Z" finished-at="2021-01-14T12:50:13Z">
          <reporter-output>
          </reporter-output>
        </test-method> <!-- startAppium -->
        <test-method status="PASS" signature="setUpClass()[pri:0, instance:Runner.TestRunner@3bd40a57]" name="setUpClass" is-config="true" duration-ms="304" started-at="2021-01-14T12:50:13Z" finished-at="2021-01-14T12:50:13Z">
          <reporter-output>
          </reporter-output>
        </test-method> <!-- setUpClass -->
        <test-method status="PASS" signature="feature(cucumber.api.testng.CucumberFeatureWrapper)[pri:0, instance:Runner.TestRunner@3bd40a57]" name="feature" duration-ms="61074" started-at="2021-01-14T12:50:13Z" description="Runs Cucumber Feature" data-provider="features" finished-at="2021-01-14T12:51:14Z">
          <params>
            <param index="0">
              <value>
                <![CDATA[Search a Job using Filter to WorkIndia]]>
              </value>
            </param>
          </params>
          <reporter-output>
          </reporter-output>
        </test-method> <!-- feature -->
        <test-method status="FAIL" signature="feature(cucumber.api.testng.CucumberFeatureWrapper)[pri:0, instance:Runner.TestRunner@3bd40a57]" name="feature" duration-ms="11675" started-at="2021-01-14T12:51:14Z" description="Runs Cucumber Feature" data-provider="features" finished-at="2021-01-14T12:51:26Z">
          <params>
            <param index="0">
              <value>
                <![CDATA[Try to Register User with Invalid Phone Number]]>
              </value>
            </param>
          </params>
          <exception class="cucumber.runtime.CucumberException">
            <message>
              <![CDATA[java.lang.AssertionError: expected [Job Search1] but found [Job Search]]]>
            </message>
            <full-stacktrace>
              <![CDATA[cucumber.runtime.CucumberException: java.lang.AssertionError: expected [Job Search1] but found [Job Search]
at cucumber.api.testng.TestNGCucumberRunner.runCucumber(TestNGCucumberRunner.java:69)
at cucumber.api.testng.AbstractTestNGCucumberTests.feature(AbstractTestNGCucumberTests.java:21)
at sun.reflect.NativeMethodAccessorImpl.invoke0(Native Method)
at sun.reflect.NativeMethodAccessorImpl.invoke(NativeMethodAccessorImpl.java:62)
at sun.reflect.DelegatingMethodAccessorImpl.invoke(DelegatingMethodAccessorImpl.java:43)
at java.lang.reflect.Method.invoke(Method.java:498)
at org.testng.internal.MethodInvocationHelper.invokeMethod(MethodInvocationHelper.java:124)
at org.testng.internal.Invoker.invokeMethod(Invoker.java:583)
at org.testng.internal.Invoker.invokeTestMethod(Invoker.java:719)
at org.testng.internal.Invoker.invokeTestMethods(Invoker.java:989)
at org.testng.internal.TestMethodWorker.invokeTestMethods(TestMethodWorker.java:125)
at org.testng.internal.TestMethodWorker.run(TestMethodWorker.java:109)
at org.testng.TestRunner.privateRun(TestRunner.java:648)
at org.testng.TestRunner.run(TestRunner.java:505)
at org.testng.SuiteRunner.runTest(SuiteRunner.java:455)
at org.testng.SuiteRunner.runSequentially(SuiteRunner.java:450)
at org.testng.SuiteRunner.privateRun(SuiteRunner.java:415)
at org.testng.SuiteRunner.run(SuiteRunner.java:364)
at org.testng.SuiteRunnerWorker.runSuite(SuiteRunnerWorker.java:52)
at org.testng.SuiteRunnerWorker.run(SuiteRunnerWorker.java:84)
at org.testng.TestNG.runSuitesSequentially(TestNG.java:1208)
at org.testng.TestNG.runSuitesLocally(TestNG.java:1137)
at org.testng.TestNG.runSuites(TestNG.java:1049)
at org.testng.TestNG.run(TestNG.java:1017)
at org.apache.maven.surefire.testng.TestNGExecutor.run(TestNGExecutor.java:284)
at org.apache.maven.surefire.testng.TestNGXmlTestSuite.execute(TestNGXmlTestSuite.java:75)
at org.apache.maven.surefire.testng.TestNGProvider.invoke(TestNGProvider.java:119)
at org.apache.maven.surefire.booter.ForkedBooter.runSuitesInProcess(ForkedBooter.java:428)
at org.apache.maven.surefire.booter.ForkedBooter.execute(ForkedBooter.java:162)
at org.apache.maven.surefire.booter.ForkedBooter.run(ForkedBooter.java:562)
at org.apache.maven.surefire.booter.ForkedBooter.main(ForkedBooter.java:548)
Caused by: java.lang.AssertionError: expected [Job Search1] but found [Job Search]
at org.testng.Assert.fail(Assert.java:96)
at org.testng.Assert.failNotEquals(Assert.java:776)
at org.testng.Assert.assertEqualsImpl(Assert.java:137)
at org.testng.Assert.assertEquals(Assert.java:118)
at org.testng.Assert.assertEquals(Assert.java:453)
at org.testng.Assert.assertEquals(Assert.java:463)
at StepDefinations.RegisterWithInvalidPhoneNumberStepDef.user_Enters_Name_and_Mobile_num(RegisterWithInvalidPhoneNumberStepDef.java:29)
at âœ½.When User Enters Name and Mobile_num(RegisterWithInvalidPhoneNumber.feature:7)
]]>
            </full-stacktrace>
          </exception> <!-- cucumber.runtime.CucumberException -->
          <reporter-output>
          </reporter-output>
        </test-method> <!-- feature -->
        <test-method status="PASS" signature="feature(cucumber.api.testng.CucumberFeatureWrapper)[pri:0, instance:Runner.TestRunner@3bd40a57]" name="feature" duration-ms="80874" started-at="2021-01-14T12:51:26Z" description="Runs Cucumber Feature" data-provider="features" finished-at="2021-01-14T12:52:47Z">
          <params>
            <param index="0">
              <value>
                <![CDATA[Registration of New User]]>
              </value>
            </param>
          </params>
          <reporter-output>
          </reporter-output>
        </test-method> <!-- feature -->
        <test-method status="PASS" signature="feature(cucumber.api.testng.CucumberFeatureWrapper)[pri:0, instance:Runner.TestRunner@3bd40a57]" name="feature" duration-ms="51204" started-at="2021-01-14T12:52:47Z" description="Runs Cucumber Feature" data-provider="features" finished-at="2021-01-14T12:53:38Z">
          <params>
            <param index="0">
              <value>
                <![CDATA[Update the Information of Registered User]]>
              </value>
            </param>
          </params>
          <reporter-output>
          </reporter-output>
        </test-method> <!-- feature -->
        <test-method status="PASS" signature="tearDownClass()[pri:0, instance:Runner.TestRunner@3bd40a57]" name="tearDownClass" is-config="true" duration-ms="432" started-at="2021-01-14T12:53:38Z" finished-at="2021-01-14T12:53:38Z">
          <reporter-output>
          </reporter-output>
        </test-method> <!-- tearDownClass -->
        <test-method status="PASS" signature="stopAppium()[pri:0, instance:Runner.TestRunner@3bd40a57]" name="stopAppium" is-config="true" duration-ms="52" started-at="2021-01-14T12:53:38Z" finished-at="2021-01-14T12:53:38Z">
          <reporter-output>
          </reporter-output>
        </test-method> <!-- stopAppium -->
      </class> <!-- Runner.TestRunner -->
    </test> <!-- Test -->
  </suite> <!-- Suite -->
</testng-results>
